[    0.000000] Initializing cgroup subsys cpuset
[    0.000000] Initializing cgroup subsys cpu
[    0.000000] Initializing cgroup subsys cpuacct
[    0.000000] Linux version 4.4.0-97-generic (buildd@lcy01-33) (gcc version 5.4.0 20160609 (Ubuntu 5.4.0-6ubuntu1~16.04.4) ) #120-Ubuntu SMP Tue Sep 19 17:28:18 UTC 2017 (Ubuntu 4.4.0-97.120-generic 4.4.87)
[    0.000000] Command line: BOOT_IMAGE=/boot/vmlinuz-4.4.0-97-generic root=LABEL=cloudimg-rootfs ro console=tty1 console=ttyS0
[    0.000000] KERNEL supported cpus:
[    0.000000]   Intel GenuineIntel
[    0.000000]   AMD AuthenticAMD
[    0.000000]   Centaur CentaurHauls
[    0.000000] x86/fpu: xstate_offset[2]:  576, xstate_sizes[2]:  256
[    0.000000] x86/fpu: Supporting XSAVE feature 0x01: 'x87 floating point registers'
[    0.000000] x86/fpu: Supporting XSAVE feature 0x02: 'SSE registers'
[    0.000000] x86/fpu: Supporting XSAVE feature 0x04: 'AVX registers'
[    0.000000] x86/fpu: Enabled xstate features 0x7, context size is 832 bytes, using 'standard' format.
[    0.000000] x86/fpu: Using 'lazy' FPU context switches.
[    0.000000] e820: BIOS-provided physical RAM map:
[    0.000000] BIOS-e820: [mem 0x0000000000000000-0x000000000009fbff] usable
[    0.000000] BIOS-e820: [mem 0x000000000009fc00-0x000000000009ffff] reserved
[    0.000000] BIOS-e820: [mem 0x00000000000f0000-0x00000000000fffff] reserved
[    0.000000] BIOS-e820: [mem 0x0000000000100000-0x000000003ffeffff] usable
[    0.000000] BIOS-e820: [mem 0x000000003fff0000-0x000000003fffffff] ACPI data
[    0.000000] BIOS-e820: [mem 0x00000000fec00000-0x00000000fec00fff] reserved
[    0.000000] BIOS-e820: [mem 0x00000000fee00000-0x00000000fee00fff] reserved
[    0.000000] BIOS-e820: [mem 0x00000000fffc0000-0x00000000ffffffff] reserved
[    0.000000] NX (Execute Disable) protection: active
[    0.000000] SMBIOS 2.5 present.
[    0.000000] Hypervisor detected: KVM
[    0.000000] e820: last_pfn = 0x3fff0 max_arch_pfn = 0x400000000
[    0.000000] MTRR: Disabled
[    0.000000] x86/PAT: MTRRs disabled, skipping PAT initialization too.
[    0.000000] CPU MTRRs all blank - virtualized system.
[    0.000000] x86/PAT: Configuration [0-7]: WB  WT  UC- UC  WB  WT  UC- UC  
[    0.000000] found SMP MP-table at [mem 0x0009fff0-0x0009ffff] mapped at [ffff88000009fff0]
[    0.000000] Scanning 1 areas for low memory corruption
[    0.000000] RAMDISK: [mem 0x36adc000-0x37565fff]
[    0.000000] ACPI: Early table checksum verification disabled
[    0.000000] ACPI: RSDP 0x00000000000E0000 000024 (v02 VBOX  )
[    0.000000] ACPI: XSDT 0x000000003FFF0030 00003C (v01 VBOX   VBOXXSDT 00000001 ASL  00000061)
[    0.000000] ACPI: FACP 0x000000003FFF00F0 0000F4 (v04 VBOX   VBOXFACP 00000001 ASL  00000061)
[    0.000000] ACPI: DSDT 0x000000003FFF0470 00210F (v01 VBOX   VBOXBIOS 00000002 INTL 20140214)
[    0.000000] ACPI: FACS 0x000000003FFF0200 000040
[    0.000000] ACPI: FACS 0x000000003FFF0200 000040
[    0.000000] ACPI: APIC 0x000000003FFF0240 00005C (v02 VBOX   VBOXAPIC 00000001 ASL  00000061)
[    0.000000] ACPI: SSDT 0x000000003FFF02A0 0001CC (v01 VBOX   VBOXCPUT 00000002 INTL 20140214)
[    0.000000] No NUMA configuration found
[    0.000000] Faking a node at [mem 0x0000000000000000-0x000000003ffeffff]
[    0.000000] NODE_DATA(0) allocated [mem 0x3ffeb000-0x3ffeffff]
[    0.000000] kvm-clock: Using msrs 4b564d01 and 4b564d00
[    0.000000] kvm-clock: cpu 0, msr 0:3ffe3001, primary cpu clock
[    0.000000] kvm-clock: using sched offset of 3301174731 cycles
[    0.000000] clocksource: kvm-clock: mask: 0xffffffffffffffff max_cycles: 0x1cd42e4dffb, max_idle_ns: 881590591483 ns
[    0.000000] Zone ranges:
[    0.000000]   DMA      [mem 0x0000000000001000-0x0000000000ffffff]
[    0.000000]   DMA32    [mem 0x0000000001000000-0x000000003ffeffff]
[    0.000000]   Normal   empty
[    0.000000]   Device   empty
[    0.000000] Movable zone start for each node
[    0.000000] Early memory node ranges
[    0.000000]   node   0: [mem 0x0000000000001000-0x000000000009efff]
[    0.000000]   node   0: [mem 0x0000000000100000-0x000000003ffeffff]
[    0.000000] Initmem setup node 0 [mem 0x0000000000001000-0x000000003ffeffff]
[    0.000000] ACPI: PM-Timer IO Port: 0x4008
[    0.000000] IOAPIC[0]: apic_id 2, version 32, address 0xfec00000, GSI 0-23
[    0.000000] ACPI: INT_SRC_OVR (bus 0 bus_irq 0 global_irq 2 dfl dfl)
[    0.000000] ACPI: INT_SRC_OVR (bus 0 bus_irq 9 global_irq 9 high level)
[    0.000000] Using ACPI (MADT) for SMP configuration information
[    0.000000] smpboot: Allowing 2 CPUs, 0 hotplug CPUs
[    0.000000] PM: Registered nosave memory: [mem 0x00000000-0x00000fff]
[    0.000000] PM: Registered nosave memory: [mem 0x0009f000-0x0009ffff]
[    0.000000] PM: Registered nosave memory: [mem 0x000a0000-0x000effff]
[    0.000000] PM: Registered nosave memory: [mem 0x000f0000-0x000fffff]
[    0.000000] e820: [mem 0x40000000-0xfebfffff] available for PCI devices
[    0.000000] Booting paravirtualized kernel on KVM
[    0.000000] clocksource: refined-jiffies: mask: 0xffffffff max_cycles: 0xffffffff, max_idle_ns: 7645519600211568 ns
[    0.000000] setup_percpu: NR_CPUS:512 nr_cpumask_bits:512 nr_cpu_ids:2 nr_node_ids:1
[    0.000000] PERCPU: Embedded 34 pages/cpu @ffff88003fc00000 s98328 r8192 d32744 u1048576
[    0.000000] PV qspinlock hash table entries: 256 (order: 0, 4096 bytes)
[    0.000000] Built 1 zonelists in Node order, mobility grouping on.  Total pages: 257913
[    0.000000] Policy zone: DMA32
[    0.000000] Kernel command line: BOOT_IMAGE=/boot/vmlinuz-4.4.0-97-generic root=LABEL=cloudimg-rootfs ro console=tty1 console=ttyS0
[    0.000000] PID hash table entries: 4096 (order: 3, 32768 bytes)
[    0.000000] Memory: 1001772K/1048120K available (8480K kernel code, 1294K rwdata, 3984K rodata, 1492K init, 1316K bss, 46348K reserved, 0K cma-reserved)
[    0.000000] SLUB: HWalign=64, Order=0-3, MinObjects=0, CPUs=2, Nodes=1
[    0.000000] Hierarchical RCU implementation.
[    0.000000] 	Build-time adjustment of leaf fanout to 64.
[    0.000000] 	RCU restricting CPUs from NR_CPUS=512 to nr_cpu_ids=2.
[    0.000000] RCU: Adjusting geometry for rcu_fanout_leaf=64, nr_cpu_ids=2
[    0.000000] NR_IRQS:33024 nr_irqs:440 16
[    0.000000] Console: colour VGA+ 80x25
[    0.000000] console [tty1] enabled
[    0.000000] console [ttyS0] enabled
[    0.000000] tsc: Detected 2593.980 MHz processor
[    0.594797] Calibrating delay loop (skipped) preset value.. 5187.96 BogoMIPS (lpj=10375920)
[    0.595957] pid_max: default: 32768 minimum: 301
[    0.596559] ACPI: Core revision 20150930
[    0.603130] ACPI: 2 ACPI AML tables successfully acquired and loaded
[    0.645323] Security Framework initialized
[    0.716204] Yama: becoming mindful.
[    0.746299] AppArmor: AppArmor initialized
[    0.826843] Dentry cache hash table entries: 131072 (order: 8, 1048576 bytes)
[    0.895509] Inode-cache hash table entries: 65536 (order: 7, 524288 bytes)
[    0.902100] Mount-cache hash table entries: 2048 (order: 2, 16384 bytes)
[    0.902903] Mountpoint-cache hash table entries: 2048 (order: 2, 16384 bytes)
[    0.919022] Initializing cgroup subsys io
[    0.919584] Initializing cgroup subsys memory
[    0.920165] Initializing cgroup subsys devices
[    0.920753] Initializing cgroup subsys freezer
[    0.921337] Initializing cgroup subsys net_cls
[    0.921930] Initializing cgroup subsys perf_event
[    0.922565] Initializing cgroup subsys net_prio
[    0.923171] Initializing cgroup subsys hugetlb
[    0.923764] Initializing cgroup subsys pids
[    0.924397] CPU: Physical Processor ID: 0
[    0.924958] CPU: Processor Core ID: 0
[    0.926279] mce: CPU supports 0 MCE banks
[    0.926864] Last level iTLB entries: 4KB 1024, 2MB 1024, 4MB 1024
[    0.981851] Last level dTLB entries: 4KB 1024, 2MB 1024, 4MB 1024, 1GB 4
[    1.010760] Freeing SMP alternatives memory: 32K
[    1.029386] ftrace: allocating 32148 entries in 126 pages
[    1.135652] smpboot: APIC(0) Converting physical 0 to logical package 0
[    1.270599] smpboot: Max logical packages: 1
[    1.271401] x2apic enabled
[    1.281826] Switched APIC routing to physical x2apic.
[    1.316290] ..TIMER: vector=0x30 apic1=0 pin1=2 apic2=-1 pin2=-1
[    1.490861] smpboot: CPU0: Intel(R) Core(TM) i7-4720HQ CPU @ 2.60GHz (family: 0x6, model: 0x3c, stepping: 0x3)
[    1.640259] Performance Events: unsupported p6 CPU model 60 no PMU driver, software events only.
[    1.726035] KVM setup paravirtual spinlock
[    1.829325] x86: Booting SMP configuration:
[    1.919642] .... node  #0, CPUs:      #1
[    2.013295] kvm-clock: cpu 1, msr 0:3ffe3041, secondary cpu clock
[    2.102555] mce: CPU supports 0 MCE banks
[    2.188431] x86: Booted up 1 node, 2 CPUs
[    2.189221] smpboot: Total of 2 processors activated (10375.92 BogoMIPS)
[    2.228931] devtmpfs: initialized
[    2.230662] evm: security.selinux
[    2.231183] evm: security.SMACK64
[    2.231696] evm: security.SMACK64EXEC
[    2.232240] evm: security.SMACK64TRANSMUTE
[    2.232838] evm: security.SMACK64MMAP
[    2.233384] evm: security.ima
[    2.233866] evm: security.capability
[    2.234571] clocksource: jiffies: mask: 0xffffffff max_cycles: 0xffffffff, max_idle_ns: 7645041785100000 ns
[    2.235850] futex hash table entries: 512 (order: 3, 32768 bytes)
[    2.236708] pinctrl core: initialized pinctrl subsystem
[    2.237508] RTC time: 12:50:36, date: 11/04/17
[    2.238661] NET: Registered protocol family 16
[    2.250490] cpuidle: using governor ladder
[    2.282867] cpuidle: using governor menu
[    2.390597] PCCT header not found.
[    2.440894] ACPI: bus type PCI registered
[    2.474710] acpiphp: ACPI Hot Plug PCI Controller Driver version: 0.5
[    2.517642] PCI: Using configuration type 1 for base access
[    2.535307] ACPI: Added _OSI(Module Device)
[    2.604000] ACPI: Added _OSI(Processor Device)
[    2.604630] ACPI: Added _OSI(3.0 _SCP Extensions)
[    2.605289] ACPI: Added _OSI(Processor Aggregator Device)
[    2.606630] ACPI: Executed 1 blocks of module-level executable AML code
[    2.609115] ACPI: Interpreter enabled
[    2.610735] ACPI: (supports S0 S5)
[    2.611261] ACPI: Using IOAPIC for interrupt routing
[    2.612053] PCI: Using host bridge windows from ACPI; if necessary, use "pci=nocrs" and report a bug
[    2.615980] ACPI: PCI Root Bridge [PCI0] (domain 0000 [bus 00-ff])
[    2.619005] acpi PNP0A03:00: _OSC: OS supports [ASPM ClockPM Segments MSI]
[    2.619863] acpi PNP0A03:00: _OSC failed (AE_NOT_FOUND); disabling ASPM
[    2.620692] acpi PNP0A03:00: fail to add MMCONFIG information, can't access extended PCI configuration space under this bridge.
[    2.622360] PCI host bridge to bus 0000:00
[    2.628181] pci_bus 0000:00: root bus resource [io  0x0000-0x0cf7 window]
[    2.629037] pci_bus 0000:00: root bus resource [io  0x0d00-0xffff window]
[    2.629878] pci_bus 0000:00: root bus resource [mem 0x000a0000-0x000bffff window]
[    2.630952] pci_bus 0000:00: root bus resource [mem 0x40000000-0xffdfffff window]
[    2.632014] pci_bus 0000:00: root bus resource [bus 00-ff]
[    2.633836] pci 0000:00:01.1: legacy IDE quirk: reg 0x10: [io  0x01f0-0x01f7]
[    2.634721] pci 0000:00:01.1: legacy IDE quirk: reg 0x14: [io  0x03f6]
[    2.635538] pci 0000:00:01.1: legacy IDE quirk: reg 0x18: [io  0x0170-0x0177]
[    2.666645] pci 0000:00:01.1: legacy IDE quirk: reg 0x1c: [io  0x0376]
[    2.681616] pci 0000:00:07.0: quirk: [io  0x4000-0x403f] claimed by PIIX4 ACPI
[    2.812003] pci 0000:00:07.0: quirk: [io  0x4100-0x410f] claimed by PIIX4 SMB
[    2.822258] ACPI: PCI Interrupt Link [LNKA] (IRQs 5 9 10 *11)
[    2.828768] ACPI: PCI Interrupt Link [LNKB] (IRQs 5 9 10 *11)
[    2.839624] ACPI: PCI Interrupt Link [LNKC] (IRQs 5 9 *10 11)
[    2.894194] ACPI: PCI Interrupt Link [LNKD] (IRQs 5 *9 10 11)
[    2.895346] ACPI: Enabled 2 GPEs in block 00 to 07
[    2.896363] vgaarb: setting as boot device: PCI:0000:00:02.0
[    2.897121] vgaarb: device added: PCI:0000:00:02.0,decodes=io+mem,owns=io+mem,locks=none
[    2.898239] vgaarb: loaded
[    2.898709] vgaarb: bridge control possible 0000:00:02.0
[    2.926509] SCSI subsystem initialized
[    2.988824] ACPI: bus type USB registered
[    3.034750] usbcore: registered new interface driver usbfs
[    3.143873] usbcore: registered new interface driver hub
[    3.182469] usbcore: registered new device driver usb
[    3.210762] PCI: Using ACPI for IRQ routing
[    3.264025] NetLabel: Initializing
[    3.300950] NetLabel:  domain hash size = 128
[    3.313079] NetLabel:  protocols = UNLABELED CIPSOv4
[    3.390427] NetLabel:  unlabeled traffic allowed by default
[    3.396495] amd_nb: Cannot enumerate AMD northbridges
[    3.397235] clocksource: Switched to clocksource kvm-clock
[    3.529444] AppArmor: AppArmor Filesystem Enabled
[    3.535444] pnp: PnP ACPI init
[    3.536516] pnp: PnP ACPI: found 3 devices
[    3.545974] clocksource: acpi_pm: mask: 0xffffff max_cycles: 0xffffff, max_idle_ns: 2085701024 ns
[    3.552062] NET: Registered protocol family 2
[    3.628205] TCP established hash table entries: 8192 (order: 4, 65536 bytes)
[    3.712079] TCP bind hash table entries: 8192 (order: 5, 131072 bytes)
[    3.712923] TCP: Hash tables configured (established 8192 bind 8192)
[    3.827138] UDP hash table entries: 512 (order: 2, 16384 bytes)
[    3.903127] UDP-Lite hash table entries: 512 (order: 2, 16384 bytes)
[    3.987732] NET: Registered protocol family 1
[    3.988362] pci 0000:00:00.0: Limiting direct PCI/PCI transfers
[    3.989177] pci 0000:00:01.0: Activating ISA DMA hang workarounds
[    3.990535] Unpacking initramfs...
[    5.562477] Freeing initrd memory: 10792K
[    5.657735] RAPL PMU detected, API unit is 2^-32 Joules, 4 fixed counters 10737418240 ms ovfl timer
[    5.735859] hw unit of domain pp0-core 2^-0 Joules
[    5.736474] hw unit of domain package 2^-0 Joules
[    5.737083] hw unit of domain dram 2^-0 Joules
[    5.737688] hw unit of domain pp1-gpu 2^-0 Joules
[    5.738350] platform rtc_cmos: registered platform RTC device (no PNP device found)
[    5.818590] Scanning for low memory corruption every 60 seconds
[    5.819843] audit: initializing netlink subsys (disabled)
[    5.820558] audit: type=2000 audit(1509799842.334:1): initialized
[    5.829974] Initialise system trusted keyring
[    5.830725] HugeTLB registered 2 MB page size, pre-allocated 0 pages
[    5.832636] zbud: loaded
[    5.833330] VFS: Disk quotas dquot_6.6.0
[    5.833908] VFS: Dquot-cache hash table entries: 512 (order 0, 4096 bytes)
[    5.834897] squashfs: version 4.0 (2009/01/31) Phillip Lougher
[    5.835870] fuse init (API version 7.23)
[    5.836580] Key type big_key registered
[    5.837168] Allocating IMA MOK and blacklist keyrings.
[    5.838762] Key type asymmetric registered
[    5.839337] Asymmetric key parser 'x509' registered
[    5.839989] Block layer SCSI generic (bsg) driver version 0.4 loaded (major 249)
[    5.841062] io scheduler noop registered
[    5.841672] io scheduler deadline registered (default)
[    5.842343] io scheduler cfq registered
[    5.842959] pci_hotplug: PCI Hot Plug PCI Core version: 0.5
[    5.843674] pciehp: PCI Express Hot Plug Controller Driver version: 0.4
[    5.844540] ACPI: AC Adapter [AC] (on-line)
[    5.845162] input: Power Button as /devices/LNXSYSTM:00/LNXPWRBN:00/input/input0
[    5.846176] ACPI: Power Button [PWRF]
[    5.846802] input: Sleep Button as /devices/LNXSYSTM:00/LNXSLPBN:00/input/input1
[    5.847804] ACPI: Sleep Button [SLPF]
[    5.848507] GHES: HEST is not enabled!
[    5.848971] ACPI: Battery Slot [BAT0] (battery present)
[    5.849892] Serial: 8250/16550 driver, 32 ports, IRQ sharing enabled
[    5.871875] 00:02: ttyS0 at I/O 0x3f8 (irq = 4, base_baud = 115200) is a 16550A
[    6.020127] Linux agpgart interface v0.103
[    6.032500] loop: module loaded
[    6.102160] scsi host0: ata_piix
[    6.165727] scsi host1: ata_piix
[    6.193624] ata1: PATA max UDMA/33 cmd 0x1f0 ctl 0x3f6 bmdma 0xd000 irq 14
[    6.194421] ata2: PATA max UDMA/33 cmd 0x170 ctl 0x376 bmdma 0xd008 irq 15
[    6.195335] libphy: Fixed MDIO Bus: probed
[    6.195982] tun: Universal TUN/TAP device driver, 1.6
[    6.197721] tun: (C) 1999-2004 Max Krasnyansky <maxk@qualcomm.com>
[    6.280309] PPP generic driver version 2.4.2
[    6.287040] ehci_hcd: USB 2.0 'Enhanced' Host Controller (EHCI) Driver
[    6.437267] ehci-pci: EHCI PCI platform driver
[    6.444171] ehci-platform: EHCI generic platform driver
[    6.444836] ohci_hcd: USB 1.1 'Open' Host Controller (OHCI) Driver
[    6.452278] ohci-pci: OHCI PCI platform driver
[    6.467166] ohci-platform: OHCI generic platform driver
[    6.467830] uhci_hcd: USB Universal Host Controller Interface driver
[    6.468637] i8042: PNP: PS/2 Controller [PNP0303:PS2K,PNP0f03:PS2M] at 0x60,0x64 irq 1,12
[    6.486248] serio: i8042 KBD port at 0x60,0x64 irq 1
[    6.486892] serio: i8042 AUX port at 0x60,0x64 irq 12
[   66.539373] mousedev: PS/2 mouse device common for all mice
[    6.737856] tsc: Refined TSC clocksource calibration: 2593.899 MHz
[    6.737858] clocksource: tsc: mask: 0xffffffffffffffff max_cycles: 0x2563b8bd025, max_idle_ns: 440795316641 ns
[    6.764507] input: AT Translated Set 2 keyboard as /devices/platoommii0042/serio0/input/input2
[    6.872284] rtc_cmos rtc_cmos: rtc core: registered rtc_cmos as rtc0
[    6.873106] rtc_cmos rtc_cmos: alarms up to one day, 114 bytes nvram
[    6.962190] 22c /dev entries driver
[    7.042222] device-mapper: uevent: version 1.0.3
[    7.053581] device-mapper: ioctl: 4.34.0-ioctl (2015-10-28) initialised: dm-devel@redhat.com
[    7.054695] ledtrig-cpu: registered to indicate activity on CPUs
[    7.055856] NET: Registered protocol family 10
[    7.056605] NET: Registered protocol family 17
[    7.057223] Key type dns_resolver registered
[    7.057957] microcode: CPU0 sig=0x306c3, pf=0x40, revision=0x0
[    7.058871] microcode: CPU1 sig=0x306c3, pf=0x40, revision=0x0
[    7.059605] microcode: Microcode Update Driver: v2.01 <tigran@aivazian.fsnet.co.uk>, Peter Oruba
[    7.060830] registered taskstats version 1
[    7.061408] Loading compiled-in X.509 certificates
[    7.062606] Loaded X.509 cert 'Build time autogenerated kernel key: d1010f9627fd9242df4b03365d2931dfd1ad3d42'
[    7.063839] zswap: loaded using pool lzo/zbud
[    7.065900] Key type trusted registered
[    7.084887] Key type encrypted registered
[    7.085620] AppArmor: AppArmor sha1 policy hashing enabled
[    7.086406] ima: No TPM chip found, activating TPM-bypass!
[    7.087155] evm: HMAC attrs: 0x1
[    7.087929]   Magic number: 9:390:834
[    7.088540] rtc_cmos rtc_cmos: setting system clock to 2017-11-04 12:50:41 UTC (1509799841)
[    7.092421] BIOS EDD facility v0.16 2004-Jun-25, 0 devices found
[    7.093160] EDD information not available.
[    7.094716] Freeing unused kernel memory: 1492K
[    7.095312] Write protecting the kernel read-only data: 14336k
[    7.102498] Freeing unused kernel memory: 1748K
[    7.103360] Freeing unused kernel memory: 112K
Loading, please wait...
starting version[    7.114191] random: systemd-udevd: uninitialized urandom read (16 bytes read, 2 bits of entropy available)
 229
[    7.114711] random: udevadm: uninitialized urandom read (16 bytes read, 2 bits of entropy available)
[    7.114724] random: udevadm: uninitialized urandom read (16 bytes read, 2 bits of entropy available)
[    7.120028] random: udevadm: uninitialized urandom read (16 bytes read, 2 bits of entropy available)
[    7.120055] random: udevadm: uninitialized urandom read (16 bytes read, 2 bits of entropy available)
[    7.120141] random: udevadm: uninitialized urandom read (16 bytes read, 2 bits of entropy available)
[    7.120172] random: udevadm: uninitialized urandom read (16 bytes read, 2 bits of entropy available)
[    7.120203] random: udevadm: uninitialized urandom read (16 bytes read, 2 bits of entropy available)
[    7.120233] random: udevadm: uninitialized urandom read (16 bytes read, 2 bits of entropy available)
[    7.120262] random: udevadm: uninitialized urandom read (16 bytes read, 2 bits of entropy available)
[    7.271245] Fusion MPT base driver 3.04.20
[    7.305550] Copyright (c) 1999-2008 LSI Corporation
[    7.545945] Fusion MPT SPI Host driver 3.04.20
[    7.569850] mptbase: ioc0: Initiating bringup
[    7.570772] e1000: Intel(R) PRO/1000 Network Driver - version 7.3.21-k8-NAPI
[    7.571597] e1000: Copyright (c) 1999-2006 Intel Corporation.
[    7.579308] AVX version of gcm_enc/dec engaged.
[    7.585532] AES CTR mode by8 optimization enabled
[    7.637578] ioc0: LSI53C1030 A0: Capabilities={Initiator}
[    7.833912] input: ImExPS/2 Generic Explorer Mouse as /devices/platform/i8042/serio1/input/input4
[    8.442836] scsi host2: ioc0: LSI53C1030 A0, FwRev=00000000h, Ports=1, MaxQ=256, IRQ=20
[    8.558090] scsi 2:0:0:0: Direct-Access     VBOX     HARDDISK         1.0  PQ: 0 ANSI: 5
[    8.565277] scsi target2:0:0: Beginning Domain Validation
[    8.612675] scsi target2:0:0: Domain Validation skipping write tests
[    8.613489] scsi target2:0:0: Ending Domain Validation
[    8.614258] scsi target2:0:0: asynchronous
[    8.615087] scsi 2:0:1:0: Direct-Access     VBOX     HARDDISK         1.0  PQ: 0 ANSI: 5
[    8.649299] scsi target2:0:1: Beginning Domain Validation
[    8.662548] scsi target2:0:1: Domain Validation skipping write tests
[    8.722777] scsi target2:0:1: Ending Domain Validation
[    8.777527] scsi target2:0:1: asynchronous
[    8.785694] sd 2:0:0:0: Attached scsi generic sg0 type 0
[    8.793374] sd 2:0:0:0: [sda] 20971520 512-byte logical blocks: (10.7 GB/10.0 GiB)
[    8.800255] sd 2:0:1:0: Attached scsi generic sg1 type 0
[    8.801109] sd 2:0:1:0: [sdb] 20480 512-byte logical blocks: (10.5 MB/10.0 MiB)
[    8.803397] sd 2:0:0:0: [sda] Write Protect is off
[    8.804120] sd 2:0:1:0: [sdb] Write Protect is off
[    8.804858] sd 2:0:0:0: [sda] Incomplete mode parameter data
[    8.806750] sd 2:0:0:0: [sda] Assuming drive cache: write through
[    8.807547] sd 2:0:1:0: [sdb] Incomplete mode parameter data
[    8.808299] sd 2:0:1:0: [sdb] Assuming drive cache: write through
[    8.866144]  sda: sda1
[    8.904527] sd 2:0:1:0: [sdb] Attached SCSI disk
[    8.906357] sd 2:0:0:0: [sda] Attached SCSI disk
[    8.952354] e1000 0000:00:03.0 eth0: (PCI:33MHz:32-bit) 02:51:17:41:23:cb
[    8.958710] e1000 0000:00:03.0 eth0: Intel(R) PRO/1000 Network Connection
[    9.284251] e1000 0000:00:08.0 eth1: (PCI:33MHz:32-bit) 08:00:27:9b:b7:de
[    9.333504] e1000 0000:00:08.0 eth1: Intel(R) PRO/1000 Network Connection
[    9.446771] e1000 0000:00:03.0 enp0s3: renamed from eth0
[    9.461434] e1000 0000:00:08.0 enp0s8: renamed from eth1
[   10.593391] floppy0: no floppy controllers found
Begin: Loading e[   11.895907] md: linear personality registered for level -1
ssential drivers ... [   11.902220] md: multipath personality registered for level -4
[   11.914233] md: raid0 personality registered for level 0
[   11.922440] md: raid1 personality registered for level 1
[   11.997296] raid6: sse2x1   gen() 10613 MB/s
[   12.085269] raid6: sse2x1   xor()  8233 MB/s
[   12.157275] raid6: sse2x2   gen() 12859 MB/s
[   12.269283] raid6: sse2x2   xor()  8963 MB/s
[   12.433284] raid6: sse2x4   gen() 15622 MB/s
[   12.521259] raid6: sse2x4   xor() 10730 MB/s
[   12.548154] raid6: using algorithm sse2x4 gen() 15622 MB/s
[   12.629616] raid6: .... xor() 10730 MB/s, rmw enabled
[   12.666111] raid6: using ssse3x2 recovery algorithm
[   12.745279] xor: automatically using best checksumming function:
[   12.809078]    avx       : 53354.000 MB/sec
[   12.823455] async_tx: api initialized (async)
[   12.829133] md: raid6 personality registered for level 6
[   12.882960] md: raid5 personality registered for level 5
[   12.928769] md: raid4 personality registered for level 4
[   12.933732] md: raid10 personality registered for level 10
done.
Begin: Running /scripts/init-premount ... done.
Begin: Mounting root file system ... Begin: Running /scripts/local-top ... done.
Begin: Running /scripts/local-premount ... [   13.060698] Btrfs loaded
Scanning for Btrfs filesystems
done.
Warning: fsck not present, so skipping root file[   13.284617] EXT4-fs (sda1): mounted filesystem with ordered data mode. Opts: (null)
 system
done.
Begin: Running /scripts/local-bottom ... done.
Begin: Running /scripts/init-bottom ... done.
[   14.111971] systemd[1]: systemd 229 running in system mode. (+PAM +AUDIT +SELINUX +IMA +APPARMOR +SMACK +SYSVINIT +UTMP +LIBCRYPTSETUP +GCRYPT +GNUTLS +ACL +XZ -LZ4 +SECCOMP +BLKID +ELFUTILS +KMOD -IDN)
[   14.223503] systemd[1]: Detected virtualization oracle.
[   14.224172] systemd[1]: Detected architecture x86-64.

Welcome to [1mUbuntu 16.04.3 LTS[0m!

[   44.318679] systemd[1]: Set hostname to <phabricator>.
[   14.450944] random: nonblocking pool is initialized
[   15.877324] systemd[1]: Set up automount Arbitrary Executable File Formats File System Automount Point.
[[0;32m  OK  [0m] Set up automount Arbitrary Executab...ats File System Automount Point.
[   15.993555] systemd[1]: Listening on LVM2 metadata daemon socket.
[[0;32m  OK  [0m] Listening on LVM2 metadata daemon socket.
[   16.002081] systemd[1]: Listening on Journal Audit Socket.
[[0;32m  OK  [0m] Listening on Journal Audit Socket.
[   16.003354] systemd[1]: Listening on Device-mapper event daemon FIFOs.
[[0;32m  OK  [0m] Listening on Device-mapper event daemon FIFOs.
[   16.006198] systemd[1]: Created slice System Slice.
[[0;32m  OK  [0m] Created slice System Slice.
[   16.007657] systemd[1]: Started Forward Password Requests to Wall Directory Watch.
[[0;32m  OK  [0m] Started Forward Password Requests to Wall Directory Watch.
[   16.010743] systemd[1]: Created slice User and Session Slice.
[[0;32m  OK  [0m] Created slice User and Session Slice.
[   16.044429] systemd[1]: Reached target Slices.
[[0;32m  OK  [0m] Reached target Slices.
[   16.047115] systemd[1]: Listening on LVM2 poll daemon socket.
[[0;32m  OK  [0m] Listening on LVM2 poll daemon socket.
[   16.048753] systemd[1]: Listening on /dev/initctl Compatibility Named Pipe.
[[0;32m  OK  [0m] Listening on /dev/initctl Compatibility Named Pipe.
[   16.229539] systemd[1]: Listening on Journal Socket (/dev/log).
[[0;32m  OK  [0m] Listening on Journal Socket (/dev/log).
[   16.235511] systemd[1]: Started Trigger resolvconf update for networkd DNS.
[[0;32m  OK  [0m] Started Trigger resolvconf update for networkd DNS.
[   662233441] systemd[1]: Listening on udev Kernel Socket
[[0;32m  OK  [0m] Listening on udev Kernel Socket.
[   16.729460] systemd[1]: Listening on Syslog Socket.
[[0;32m  OK  [0m] Listening on Syslog Socket.
[   16.821818] systemd[1]: Reached target Encrypted Volumes.
[[0;32m  OK  [0m] Reached target Encrypted Volumes.
[   16.843347] systemd[1]: Listening on Journal Socket.
[[0;32m  OK  [0m] Listening on Journal Socket.
[   16.857443] systemd[1]: Mounting Debug File System...
         Mounting Debug File System...
[   17.009500] systemd[1]: Starting Remount Root and Kernel File Systems...
[   17.020840] EXT4-ss (sda1): re-ounted. Opts: (null)
         Starting Remount Root and Kernel File Systems...
[   17.298920] systemd[1]: Starting Journal Service...
         Starting Journal Service...
[   17.301827] systemd[1]: Starting Set console keymap...
         Starting Set console keymap...
[   17.305017] systemd[1]: Mounting POSIX Message Queue File System...
         Mounting POSIX Message Queue File System...
[   17.533480] systemd[1]: Starting Nameserver information manager...
         Starting Nameserver information manager...
[   17.535195] systemd[1]: Starting Monitoring of LVM2 mirrors, snapshots etc. using dmeventd or progress polling...
         Starting Monitoring of LVM2 mirrors... dmeventd or progress polling...
[   17.697380] systemd[1]: Starting Load Kernel Modules...
         Starting Load Kernel Modules...
[   17.734050] systemd[1]: Mounting Huge Pages File System...
         Mounting Huge Pages File System...
[   17.801840] systemd[1]: Created slice system-serial\x2dgetty.slice.
[   17.952372] Loading iSCSI transport class v2.0-870.
[[0;32m  OK  [0m] Created slice system-serial\x2dgetty.slice.
[   18.013490] systemd[1]: Starting Create list of required static device nodes for the current kernel...
         Starting Create list of required st... nodes for the current kernel...
[   18.121984] systemd[1]: Listening on udev Control Socket.
[[0;32m  OK  [0m] Listening on udev Control Socket.
[   18.145971] iscsi: registered transport (tcp)
[   18.241752] systemd[1]: Reached target User and Group Name Lookups.
[[0;32m  OK  [0m] Reached target User and Group Name Lookups.
[   18.257493] systemd[1]: Starting Uncomplicated firewall...
         Starting Uncomplicated firewall...
[   18.292504] systemd[1]: Reached target Swap.
[[0;32m  OK  [0m] Reached target Swap.
[   18.334045] systemd[1]: Mounted POSIX Message Queue File System.
[[0;32m  OK  [0m] Mounted POSIX Message Queue File System.
[   18.357215] systemd[1]: Mounted Huge Pages File System.
[[0;32m  OK  [0m] Mounted Huge Pages File System.
[   18.359826] systemd[1]: Mounted Debug File System.
[[0;32m  OK  [0m] Mounted Debug File System.
[   18.402431] systemd[1]: Started Journal Service.
[[0;32m  OK  [0m] Started Journal Service.
[[0;32m  OK  [0m] Started Remount Root and Kernel File Systems.
[   18.405793] iscsi: registered transport (iser)
[[0;32m  OK  [0m] Started Set console keymap.
[[0;32m  OK  [0m] Started Load Kernel Modules.
[[0;32m  OK  [0m] Started Create list of required sta...ce nodes for the current kernel.
[[0;32m  OK  [0m] Started Uncomplicated firewall.
[[0;32m  OK  [0m] Started Nameserver information manager.
[[0;32m  OK  [0m] Started LVM2 metadata daemon.
         Starting Create Static Device Nodes in /dev...
         Starting Apply Kernel Variables...
         Mounting FUSE Control File System...
         Starting udev Coldplug all Devices...
         Starting Load/Save Random Seed...
         Starting Initial cloud-init job (pre-networking)...
         Starting Flush Journal to Persistent Storage...
[[0;32m  OK  [0m] Mounted FUSE Control File System.
[[0;32m  OK  [0m] Started Apply Kernel Variables.
[[0;32m  OK  [0m] Started Load/Save Random Seed.
[[0;32m  OK  [0m] Started udev Coldplug all Devices.
[[0;32m  OK  [0m] Started Flush Journal to Persistent Storage.
[[0;32m  OK  [0m] Started Monitoring of LVM2 mirrors,...ng dmeventd or progress polling.
[[0;32m  OK  [0m] Started Create Static Device Nodes in /dev.
         Starting udev Kernel Device Manager...
[[0;32m  OK  [0m] Started udev Kernel Device Manager.
[[0;32m  OK  [0m] Reached target Local File Systems (Pre).
[[0;32m  OK  [0m] Reached target Local File Systems.
         Starting LSB: AppArmor initialization...
         Starting Set console font and keymap...
         Starting Tell Plymouth To Write Out Runtime Data...
         Starting Create Volatile Files and Directories...
[[0;32m  OK  [0m] Started Dispatch Password Requests to Console Directory Watch.
[[0;32m  OK  [0m] Found device /dev/ttyS0.
[[0;32m  OK  [0m] Started Tell Plymouth To Write Out Runtime Data.
[[0;32m  OK  [0m] Started Create Volatile Files and Directories.
[[0;32m  OK  [0m] Reached target System Time Synchronized.
         Starting Update UTMP about System Boot/Shutdown...
[[0;32m  OK  [0m] Started Update UTMP about System Boot/Shutdown.
[[0;32m  OK  [0m] Found device 82540EM Gigabit Ethern...r (PRO/1000 MT Desktop Adapter).
[[0;32m  OK  [0m] Found device 82540EM Gigabit Ethern...r (PRO/1000 MT Desktop Adapter).
[[0;32m  OK  [0m] Started Set console font and keymap.
[[0;32m  OK  [0m] Created slice system-getty.slice.
[[0;32m  OK  [0m] Listening on Load/Save RF Kill Switch Status /dev/rfkill Watch.
[[0;32m  OK  [0m] Started LSB: AppArmor initialization.
[   21.487641] cloud-init[447]: Cloud-init v. 0.7.9 running 'init-local' at Sat, 04 Nov 2017 12:50:58 +0000. Up 20.94 seconds.
[[0;32m  OK  [0m] Started Initial cloud-init job (pre-networking).
[[0;32m  OK  [0m] Reached target Network (Pre).
[[0;32m  OK  [0m] Started ifup for enp0s3.
         Starting Raise network interfaces...
[[0;32m  OK  [0m] Started ifup for enp0s8.
[[0;32m  OK  [0m] Started Raise network interfaces.
         Starting Initial cloud-init job (metadata service crawler)...
[[0;32m  OK  [0m] Reached target Network.
[   22.921554] cloud-init[1055]: Cloud-init v. 0.7.9 running 'init' at Sat, 04 Nov 2017 12:50:59 +0000. Up 22.12 seconds.
[   23.036396] cloud-init[1055]: ci-info: ++++++++++++++++++++++++++++++++++++++Net device info++++++++++++++++++++++++++++++++++++++
[   23.036588] cloud-init[1055]: ci-info: +--------+------+-----------------------------+---------------+-------+-------------------+
[[0;32m  OK  [0m] Started Initial cloud-init job (metadata service crawler).
[   23.036672] cloud-init[1055]: ci-info: | Device |  Up  |           Address           |      Mask     | Scope |     Hw-Address    |
[   23.107040] cloud-init[1055]: ci-info: +--------+------+-----------------------------+---------------+-------+-------------------+
[   23.108353] cloud-init[1055]: ci-info: |   lo   | True |          127.0.0.1          |   255.0.0.0   |   .   |         .         |
[   23.109601] cloud-init[1055]: ci-info: |   lo   | True |           ::1/128           |       .       |  host |         .         |
[   23.110848] cloud-init[1055]: ci-info: | enp0s3 | True |          10.0.2.15          | 255.255.255.0 |   .   | 02:51:17:41:23:cb |
[   23.111118] cloud-init[1055]: ci-info: | enp0s3 | True |  fe80::51:17ff:fe41:23cb/64 |       .       |  link | 02:51:17:41:23:cb |
[   23.111235] cloud-init[1055]: ci-info: | enp0s8 | True |       192.168.100.100       | 255.255.255.0 |   .   | 08:00:27:9b:b7:de |
[   23.111347] cloud-init[1055]: ci-info: | enp0s8 | True | fe80::a00:27ff:fe9b:b7de/64 |       .       |  link | 08:00:27:9b:b7:de |
[   23.111462] cloud-init[1055]: ci-info: +--------+------+-----------------------------+---------------+-------+-------------------+
[   23.111576] cloud-init[1055]: ci-info: ++++++++++++++++++++++++++++Route IPv4 info+++++++++++++++++++++++++++++
[   23.111695] cloud-init[1055]: ci-info: +-------+---------------+----------+---------------+-----------+-------+
[   23.111813] cloud-init[1055]: ci-info: | Route |  Destination  | Gateway  |    Genmask    | Interface | Flags |
[   23.111924] cloud-init[1055]: ci-info: +-------+---------------+----------+---------------+-----------+-------+
[   23.112176] cloud-init[1055]: ci-info: |   0   |    0.0.0.0    | 10.0.2.2 |    0.0.0.0    |   enp0s3  |   UG  |
[   23.112280] cloud-init[1055]: ci-info: |   1   |    10.0.2.0   | 0.0.0.0  | 255.255.255.0 |   enp0s3  |   U   |
[   23.112395] cloud-init[1055]: ci-info: |   2   | 192.168.100.0 | 0.0.0.0  | 255.255.255.0 |   enp0s8  |   U   |
[   23.112509] cloud-init[1055]: ci-info: +-------+---------------+----------+---------------+-----------+-------+
[[0;32m  OK  [0m] Reached target System Initialization.
[[0;32m  OK  [0m] Started Timer to automatically fetch and run repair assertions.
[[0;32m  OK  [0m] Listening on ACPID Listen Socket.
[[0;32m  OK  [0m] Started Daily Cleanup of Temporary Directories.
         Starting Socket activation for snappy daemon.
         Starting LXD - unix socket.
[[0;32m  OK  [0m] Listening on D-Bus System Message Bus Socket.
[[0;32m  OK  [0m] Listening on UUID daemon activation socket.
[[0;32m  OK  [0m] Started Timer to automatically refresh installed snaps.
[[0;32m  OK  [0m] Started Clean PHP session files every 30 mins.
[[0;32m  OK  [0m] Started ACPI Events Check.
[[0;32m  OK  [0m] Reached target Paths.
[[0;32m  OK  [0m] Reached target Network is Online.
[[0;32m  OK  [0m] Started Daily apt download activities.
[[0;32m  OK  [0m] Started Daily apt upgrade and clean activities.
[[0;32m  OK  [0m] Reached target Timers.
         Starting iSCSI initiator daemon (iscsid)...
[[0;32m  OK  [0m] Reached target Cloud-config availability.
[[0;32m  OK  [0m] Listening on Socket activation for snappy daemon.
[[0;32m  OK  [0m] Listening on LXD - unix socket.
[[0;32m  OK  [0m] Reached target Sockets.
[[0;32m  OK  [0m] Reached target Basic System.
         Starting Apply the settings specified in cloud-config...
[[0;32m  OK  [0m] Started Deferred execution scheduler.
[[0;32m  OK  [0m] Started FUSE filesystem for LXC.
         Starting /etc/rc.local Compatibility...
         Starting Accounts Service...
[[0;32m  OK  [0m] Started D-Bus System Message Bus.
[   24.255546] cloud-init[1112]: Cloud-init v. 0.7.9 running 'modules:config' at Sat, 04 Nov 2017 12:51:01 +0000. Up 23.93 seconds.
         Starting MySQL Community Server...
[[0;32m  OK  [0m] Started Regular background program processing daemon.
[[0;32m  OK  [0m] Started Unattended Upgrades Shutdown.
         Starting LXD - container startup/shutdown...
         Starting OpenBSD Secure Shell server...
         Starting LSB: Record successful boot for GRUB...
         Starting System Logging Service...
[[0;32m  OK  [0m] Started ACPI event daemon.
         Starting LSB: MD monitoring daemon...
         Starting Login Service...
         Starting Snappy daemon...
[[0;32m  OK  [0m] Started iSCSI initiator daemon (iscsid).
[[0;32m  OK  [0m] Started Apply the settings specified in cloud-config.
[[0;32m  OK  [0m] Started /etc/rc.local Compatibility.
         Starting Authenticate and Authorize Users to Run Privileged Tasks...
         Starting Login to default iSCSI targets...
[[0;32m  OK  [0m] Started Login Service.
[[0;32m  OK  [0m] Started LSB: MD monitoring daemon.
[[0;32m  OK  [0m] Started LSB: Record successful boot for GRUB.
[[0;32m  OK  [0m] Started System Logging Service.
[[0;32m  OK  [0m] Started Login to default iSCSI targets.
[[0;32m  OK  [0m] Reached target Remote File Systems (Pre).
[[0;32m  OK  [0m] Reached target Remote File Systems.
         Starting LSB: Apache2 web server...
         Starting LSB: VirtualBox Linux Additions...
         Starting Permit User Sessions...
         Starting LSB: automatic crash report generation...
         Starting LSB: Set the CPU Frequency Scaling governor to "ondemand"...
         Starting LSB: daemon to balance interrupts for SMP systems...
[[0;32m  OK  [0m] Started LSB: Set the CPU Frequency Scaling governor to "ondemand".
[[0;32m  OK  [0m] Started Permit User Sessions.
         Starting Hold until boot process finishes up...
         Starting Terminate Plymouth Boot Screen...
[[0;32m  OK  [0m] Started Hold until boot process finishes up.
[[0;32m  OK  [0m] Started Terminate Plymouth Boot Screen.
[[0;32m  OK  [0m] Started Authenticate and Authorize Users to Run Privileged Tasks.
[[0;32m  OK  [0m] Started Accounts Service.
         Starting Set console scheme...
[[0;32m  OK  [0m] Started Getty on tty1.
[[0;32m  OK  [0m] Started Serial Getty on ttyS0.
[[0;32m  OK  [0m] Reached target Login Prompts.
[[0;32m  OK  [0m] Started LSB: daemon to balance interrupts for SMP systems.
[[0;32m  OK  [0m] Started LSB: automatic crash report generation.
[[0;32m  OK  [0m] Started Set console scheme.
[[0;32m  OK  [0m] Started OpenBSD Secure Shell server.
[[0;32m  OK  [0m] Started LSB: VirtualBox Linux Additions.
[[0;32m  OK  [0m] Created slice User Slice of ubuntu.
         Starting User Manager for UID 1000...
[[0;32m  OK  [0m] Started Session 1 of user ubuntu.
[[0;32m  OK  [0m] Started User Manager for UID 1000.
[[0;32m  OK  [0m] Started LXD - container startup/shutdown.
[[0;32m  OK  [0m] Started Snappy daemon.
         Starting Auto import assertions from block devices...
[[0;32m  OK  [0m] Started Auto import assertions from block devices.

Ubuntu 16.04.3 LTS phabricator ttyS0

phabricator login: [   37.753148] cloud-init[1684]: Cloud-init v. 0.7.9 running 'modules:final' at Sat, 04 Nov 2017 12:51:14 +0000. Up 37.58 seconds.
[   37.753368] cloud-init[1684]: Cloud-init v. 0.7.9 finished at Sat, 04 Nov 2017 12:51:15 +0000. Datasource DataSourceNoCloud [seed=/dev/sdb][dsmode=net].  Up 37.74 seconds
         Stopping Session 7u         Stopping LSB: Apache2 web server...
         Stopping LSB: MD monitoring daemon...
         Stopping LSB: VirtualBox Linux Additions...
         Stopping OpenBSD Secure Shell server...
         Stopping D-Bus System Message Bus...
         Stopping Regular background program processing daemon...
         Stopping LSB: Set the CPU Frequency Scaling governor to "ondemand"...
         Stopping Snappy daemon...
         Stopping MySQL Community Server...
         Stopping Unattended Upgrades Shutdown...
[[0;32m  OK  [0m] Stopped target Timers.
[[0;32m  OK  [0m] Stopped Daily Cleanup of Temporary Directories.
[[0;32m  OK  [0m] Stopped Clean PHP session files every 30 mins.
[[0;32m  OK  [0m] Stopped Daily apt upgrade and clean activities.
[[0;32m  OK  [0m] Stopped Daily apt download activities.
[[0;32m  OK  [0m] Stopped Timer to automatically fetch and run repair assertions.
[[0;32m  OK  [0m] Stopped Timer to automatically refresh installed snaps.
[[0;32m  OK  [0m] Stopped target System Time Synchronized.
         Stopping LSB: automatic crash report generation...
         Stopping FUSE filesystem for LXC...
         Stopping LSB: Record successful boot for GRUB...
[[0;32m  OK  [0m] Closed Load/Save RF Kill Switch Status /dev/rfkill Watch.
         Stopping System Logging Service...
[[0;32m  OK  [0m] Unmounted /var/lib/lxcfs.
[[0;32m  OK  [0m] Stopped Deferred execution scheduler.
[[0;32m  OK  [0m] Stopped Accounts Service.
[[0;32m  OK  [0m] Stopped Regular background program processing daemon.
[[0;32m  OK  [0m] Stopped OpenBSD Secure Shell server.
[[0;32m  OK  [0m] Stopped System Logging Service.
[[0;32m  OK  [0m] Stopped ACPI event daemon.
[[0;32m  OK  [0m] Stopped Snappy daemon.
[[0;32m  OK  [0m] Stopped Authenticate and Authorize Users to Run Privileged Tasks.
[[0;32m  OK  [0m] Stopped Getty on tty1.
[[0;32m  OK  [0m] Stopped Serial Getty on ttyS0.
[[0;32m  OK  [0m] Stopped User Manager for UID 1000.
[[0;32m  OK  [0m] Stopped Session 7 of user ubuntu.
[[0;32m  OK  [0m] Stopped D-Bus System Message Bus.
[[0;32m  OK  [0m] Stopped Unattended Upgrades Shutdown.
[[0;32m  OK  [0m] Stopped FUSE filesystem for LXC.
[[0;32m  OK  [0m] Stopped LSB: daemon to balance interrupts for SMP systems.
[[0;32m  OK  [0m] Stopped LSB: MD monitoring daemon.
[[0;32m  OK  [0m] Stopped LXD - container startup/shutdown.
[[0;32m  OK  [0m] Stopped LSB: VirtualBox Linux Additions.
[[0;32m  OK  [0m] Stopped LSB: Set the CPU Frequency Scaling governor to "ondemand".
[[0;32m  OK  [0m] Stopped LSB: Record successful boot for GRUB.
[[0;32m  OK  [0m] Removed slice User Slice of ubuntu.
         Stopping Login Service...
[[0;32m  OK  [0m] Removed slice system-serial\x2dgetty.slice.
[[0;32m  OK  [0m] Stopped /etc/rc.local Compatibility.
         Stopping Permit User Sessions...
[[0;32m  OK  [0m] Removed slice system-getty.slice.
[[0;32m  OK  [0m] Stopped LSB: automatic crash report generation.
[[0;32m  OK  [0m] Stopped Permit User Sessions.
[[0;32m  OK  [0m] Stopped Login Service.
[[0;32m  OK  [0m] Stopped target User and Group Name Lookups.
[[0;32m  OK  [0m] Stopped MySQL Community Server.
[[0;32m  OK  [0m] Stopped LSB: Apache2 web server.
[[0;32m  OK  [0m] Stopped target Remote File Systems.
[[0;32m  OK  [0m] Stopped target Remote File Systems (Pre).
         Stopping Login to default iSCSI targets...
[[0;32m  OK  [0m] Stopped target Basic System.
[[0;32m  OK  [0m] Stopped target Sockets.
[[0;32m  OK  [0m] Closed ACPID Listen Socket.
[[0;32m  OK  [0m] Closed Socket activation for snappy daemon.
[[0;32m  OK  [0m] Closed LXD - unix socket.
[[0;32m  OK  [0m] Closed UUID daemon activation socket.
[[0;32m  OK  [0m] Closed D-Bus System Message Bus Socket.
[[0;32m  OK  [0m] Closed Syslog Socket.
[[0;32m  OK  [0m] Stopped target Paths.
[[0;32m  OK  [0m] Stopped Dispatch Password Requests to Console Directory Watch.
[[0;32m  OK  [0m] Stopped ACPI Events Check.
[[0;32m  OK  [0m] Stopped Forward Password Requests to Wall Directory Watch.
[[0;32m  OK  [0m] Stopped target Slices.
[[0;32m  OK  [0m] Removed slice User and Session Slice.
[[0;32m  OK  [0m] Stopped target System Initialization.
[[0;32m  OK  [0m] Stopped target Encrypted Volumes.
         Stopping Load/Save Random Seed...
[[0;32m  OK  [0m] Stopped Create Volatile Files and Directories.
[[0;32m  OK  [0m] Stopped target Swap.
[[0;32m  OK  [0m] Stopped Load/Save Random Seed.
[[0;32m  OK  [0m] Stopped Login to default iSCSI targets.
         Stopping iSCSI initiator daemon (iscsid)...
[[0;32m  OK  [0m] Stopped iSCSI initiator daemon (iscsid).
[[0;32m  OK  [0m] Stopped target Network is Online.
[[0;32m  OK  [0m] Stopped target Network.
[[0;32m  OK  [0m] Stopped Initial cloud-init job (metadata service crawler).
         Stopping Raise network interfaces...
[[0;32m  OK  [0m] Stopped Raise network interfaces.
[[0;32m  OK  [0m] Stopped Apply Kernel Variables.
[[0;32m  OK  [0m] Stopped target Local File Systems.
         Unmounting /vagrant...
         Unmounting /run/user/1000...
[[0;32m  OK  [0m] Stopped Load Kernel Modules.
[[0;32m  OK  [0m] Stopped target Network (Pre).
[[0;32m  OK  [0m] Stopped Initial cloud-init job (pre-networking).
[[0;32m  OK  [0m] Unmounted /vagrant.
[[0;32m  OK  [0m] Unmounted /run/user/1000.
[[0;32m  OK  [0m] Reached target Unmount All Filesystems.
[[0;32m  OK  [0m] Stopped target Local File Systems (Pre).
[[0;32m  OK  [0m] Stopped Create Static Device Nodes in /dev.
         Stopping Monitoring of LVM2 mirrors... dmeventd or progress polling...
[[0;32m  OK  [0m] Stopped Remount Root and Kernel File Systems.
[[0;32m  OK  [0m] Reached target Shutdown.
[ 1606.141238] reboot: Power down
